{"total": {"lines":{"total":79,"covered":35,"skipped":0,"pct":44.3},"statements":{"total":79,"covered":35,"skipped":0,"pct":44.3},"functions":{"total":6,"covered":2,"skipped":0,"pct":33.33},"branches":{"total":6,"covered":4,"skipped":0,"pct":66.67}}
,"/Users/admin/srv/modules/universal/esm/arr.js": {"lines":{"total":79,"covered":35,"skipped":0,"pct":44.3},"functions":{"total":6,"covered":2,"skipped":0,"pct":33.33},"statements":{"total":79,"covered":35,"skipped":0,"pct":44.3},"branches":{"total":6,"covered":4,"skipped":0,"pct":66.67}}
}
