{"/Users/admin/srv/modules/universal/esm/arr.js": {"path":"/Users/admin/srv/modules/universal/esm/arr.js","all":false,"statementMap":{"0":{"start":{"line":1,"column":0},"end":{"line":1,"column":3}},"1":{"start":{"line":2,"column":0},"end":{"line":2,"column":25}},"2":{"start":{"line":3,"column":0},"end":{"line":3,"column":66}},"3":{"start":{"line":4,"column":0},"end":{"line":4,"column":21}},"4":{"start":{"line":5,"column":0},"end":{"line":5,"column":20}},"5":{"start":{"line":6,"column":0},"end":{"line":6,"column":3}},"6":{"start":{"line":7,"column":0},"end":{"line":7,"column":26}},"7":{"start":{"line":8,"column":0},"end":{"line":8,"column":44}},"8":{"start":{"line":9,"column":0},"end":{"line":9,"column":1}},"9":{"start":{"line":10,"column":0},"end":{"line":10,"column":0}},"10":{"start":{"line":11,"column":0},"end":{"line":11,"column":3}},"11":{"start":{"line":12,"column":0},"end":{"line":12,"column":63}},"12":{"start":{"line":13,"column":0},"end":{"line":13,"column":64}},"13":{"start":{"line":14,"column":0},"end":{"line":14,"column":51}},"14":{"start":{"line":15,"column":0},"end":{"line":15,"column":19}},"15":{"start":{"line":16,"column":0},"end":{"line":16,"column":3}},"16":{"start":{"line":17,"column":0},"end":{"line":17,"column":31}},"17":{"start":{"line":18,"column":0},"end":{"line":18,"column":15}},"18":{"start":{"line":19,"column":0},"end":{"line":19,"column":33}},"19":{"start":{"line":20,"column":0},"end":{"line":20,"column":20}},"20":{"start":{"line":21,"column":0},"end":{"line":21,"column":3}},"21":{"start":{"line":22,"column":0},"end":{"line":22,"column":13}},"22":{"start":{"line":23,"column":0},"end":{"line":23,"column":1}},"23":{"start":{"line":24,"column":0},"end":{"line":24,"column":0}},"24":{"start":{"line":25,"column":0},"end":{"line":25,"column":3}},"25":{"start":{"line":26,"column":0},"end":{"line":26,"column":103}},"26":{"start":{"line":27,"column":0},"end":{"line":27,"column":91}},"27":{"start":{"line":28,"column":0},"end":{"line":28,"column":72}},"28":{"start":{"line":29,"column":0},"end":{"line":29,"column":83}},"29":{"start":{"line":30,"column":0},"end":{"line":30,"column":76}},"30":{"start":{"line":31,"column":0},"end":{"line":31,"column":3}},"31":{"start":{"line":32,"column":0},"end":{"line":32,"column":39}},"32":{"start":{"line":33,"column":0},"end":{"line":33,"column":32}},"33":{"start":{"line":34,"column":0},"end":{"line":34,"column":26}},"34":{"start":{"line":35,"column":0},"end":{"line":35,"column":5}},"35":{"start":{"line":36,"column":0},"end":{"line":36,"column":1}},"36":{"start":{"line":37,"column":0},"end":{"line":37,"column":0}},"37":{"start":{"line":38,"column":0},"end":{"line":38,"column":3}},"38":{"start":{"line":39,"column":0},"end":{"line":39,"column":59}},"39":{"start":{"line":40,"column":0},"end":{"line":40,"column":3}},"40":{"start":{"line":41,"column":0},"end":{"line":41,"column":47}},"41":{"start":{"line":42,"column":0},"end":{"line":42,"column":41}},"42":{"start":{"line":43,"column":0},"end":{"line":43,"column":1}},"43":{"start":{"line":44,"column":0},"end":{"line":44,"column":0}},"44":{"start":{"line":45,"column":0},"end":{"line":45,"column":3}},"45":{"start":{"line":46,"column":0},"end":{"line":46,"column":38}},"46":{"start":{"line":47,"column":0},"end":{"line":47,"column":19}},"47":{"start":{"line":48,"column":0},"end":{"line":48,"column":19}},"48":{"start":{"line":49,"column":0},"end":{"line":49,"column":79}},"49":{"start":{"line":50,"column":0},"end":{"line":50,"column":3}},"50":{"start":{"line":51,"column":0},"end":{"line":51,"column":29}},"51":{"start":{"line":52,"column":0},"end":{"line":52,"column":32}},"52":{"start":{"line":53,"column":0},"end":{"line":53,"column":25}},"53":{"start":{"line":54,"column":0},"end":{"line":54,"column":5}},"54":{"start":{"line":55,"column":0},"end":{"line":55,"column":1}},"55":{"start":{"line":56,"column":0},"end":{"line":56,"column":0}},"56":{"start":{"line":57,"column":0},"end":{"line":57,"column":3}},"57":{"start":{"line":58,"column":0},"end":{"line":58,"column":41}},"58":{"start":{"line":59,"column":0},"end":{"line":59,"column":21}},"59":{"start":{"line":60,"column":0},"end":{"line":60,"column":19}},"60":{"start":{"line":61,"column":0},"end":{"line":61,"column":3}},"61":{"start":{"line":62,"column":0},"end":{"line":62,"column":33}},"62":{"start":{"line":63,"column":0},"end":{"line":63,"column":36}},"63":{"start":{"line":64,"column":0},"end":{"line":64,"column":1}},"64":{"start":{"line":65,"column":0},"end":{"line":65,"column":0}},"65":{"start":{"line":66,"column":0},"end":{"line":66,"column":2}},"66":{"start":{"line":67,"column":0},"end":{"line":67,"column":21}},"67":{"start":{"line":68,"column":0},"end":{"line":68,"column":3}},"68":{"start":{"line":69,"column":0},"end":{"line":69,"column":105}},"69":{"start":{"line":70,"column":0},"end":{"line":70,"column":33}},"70":{"start":{"line":71,"column":0},"end":{"line":71,"column":22}},"71":{"start":{"line":72,"column":0},"end":{"line":72,"column":30}},"72":{"start":{"line":73,"column":0},"end":{"line":73,"column":12}},"73":{"start":{"line":74,"column":0},"end":{"line":74,"column":29}},"74":{"start":{"line":75,"column":0},"end":{"line":75,"column":36}},"75":{"start":{"line":76,"column":0},"end":{"line":76,"column":3}},"76":{"start":{"line":77,"column":0},"end":{"line":77,"column":1}},"77":{"start":{"line":78,"column":0},"end":{"line":78,"column":21}},"78":{"start":{"line":79,"column":0},"end":{"line":79,"column":96}}},"s":{"0":1,"1":1,"2":1,"3":1,"4":1,"5":1,"6":0,"7":0,"8":0,"9":0,"10":0,"11":0,"12":0,"13":0,"14":0,"15":0,"16":0,"17":0,"18":0,"19":0,"20":0,"21":0,"22":0,"23":0,"24":0,"25":0,"26":0,"27":0,"28":0,"29":0,"30":0,"31":0,"32":0,"33":0,"34":0,"35":0,"36":0,"37":0,"38":0,"39":0,"40":0,"41":0,"42":0,"43":0,"44":0,"45":0,"46":0,"47":0,"48":0,"49":0,"50":1,"51":1,"52":4,"53":1,"54":1,"55":1,"56":1,"57":1,"58":1,"59":1,"60":1,"61":1,"62":1,"63":1,"64":1,"65":1,"66":1,"67":1,"68":1,"69":1,"70":1,"71":1,"72":1,"73":1,"74":1,"75":1,"76":1,"77":1,"78":1},"branchMap":{"0":{"type":"branch","line":70,"loc":{"start":{"line":70,"column":11},"end":{"line":70,"column":22}},"locations":[{"start":{"line":70,"column":11},"end":{"line":70,"column":22}}]},"1":{"type":"branch","line":74,"loc":{"start":{"line":74,"column":7},"end":{"line":75,"column":11}},"locations":[{"start":{"line":74,"column":7},"end":{"line":75,"column":11}}]},"2":{"type":"branch","line":51,"loc":{"start":{"line":51,"column":0},"end":{"line":62,"column":9}},"locations":[{"start":{"line":51,"column":0},"end":{"line":62,"column":9}}]},"3":{"type":"branch","line":52,"loc":{"start":{"line":52,"column":18},"end":{"line":53,"column":25}},"locations":[{"start":{"line":52,"column":18},"end":{"line":53,"column":25}}]},"4":{"type":"branch","line":62,"loc":{"start":{"line":62,"column":0},"end":{"line":78,"column":21}},"locations":[{"start":{"line":62,"column":0},"end":{"line":78,"column":21}}]},"5":{"type":"branch","line":63,"loc":{"start":{"line":63,"column":20},"end":{"line":63,"column":36}},"locations":[{"start":{"line":63,"column":20},"end":{"line":63,"column":36}}]}},"b":{"0":[0],"1":[0],"2":[1],"3":[4],"4":[1],"5":[7]},"fnMap":{"0":{"name":"t","decl":{"start":{"line":7,"column":0},"end":{"line":17,"column":9}},"loc":{"start":{"line":7,"column":0},"end":{"line":17,"column":9}},"line":7},"1":{"name":"n","decl":{"start":{"line":17,"column":0},"end":{"line":32,"column":9}},"loc":{"start":{"line":17,"column":0},"end":{"line":32,"column":9}},"line":17},"2":{"name":"e","decl":{"start":{"line":32,"column":0},"end":{"line":41,"column":9}},"loc":{"start":{"line":32,"column":0},"end":{"line":41,"column":9}},"line":32},"3":{"name":"o","decl":{"start":{"line":41,"column":0},"end":{"line":51,"column":9}},"loc":{"start":{"line":41,"column":0},"end":{"line":51,"column":9}},"line":41},"4":{"name":"u","decl":{"start":{"line":51,"column":0},"end":{"line":62,"column":9}},"loc":{"start":{"line":51,"column":0},"end":{"line":62,"column":9}},"line":51},"5":{"name":"i","decl":{"start":{"line":62,"column":0},"end":{"line":78,"column":21}},"loc":{"start":{"line":62,"column":0},"end":{"line":78,"column":21}},"line":62}},"f":{"0":0,"1":0,"2":0,"3":0,"4":1,"5":1}}
}
