{"total": {"lines":{"total":89,"covered":45,"skipped":0,"pct":50.56},"statements":{"total":89,"covered":45,"skipped":0,"pct":50.56},"functions":{"total":7,"covered":3,"skipped":0,"pct":42.86},"branches":{"total":9,"covered":6,"skipped":0,"pct":66.67}}
,"/Users/admin/srv/twodashes/universal/esm/arr.js": {"lines":{"total":89,"covered":45,"skipped":0,"pct":50.56},"functions":{"total":7,"covered":3,"skipped":0,"pct":42.86},"statements":{"total":89,"covered":45,"skipped":0,"pct":50.56},"branches":{"total":9,"covered":6,"skipped":0,"pct":66.67}}
}
