TN:
SF:esm/arr.js
FN:7,t
FN:17,n
FN:27,e
FN:42,o
FN:51,u
FN:61,i
FN:72,f
FNF:7
FNH:3
FNDA:1,t
FNDA:0,n
FNDA:0,e
FNDA:0,o
FNDA:0,u
FNDA:1,i
FNDA:1,f
DA:1,1
DA:2,1
DA:3,1
DA:4,1
DA:5,1
DA:6,1
DA:7,1
DA:8,1
DA:9,1
DA:10,1
DA:11,1
DA:12,1
DA:13,1
DA:14,1
DA:15,1
DA:16,1
DA:17,0
DA:18,0
DA:19,0
DA:20,0
DA:21,0
DA:22,0
DA:23,0
DA:24,0
DA:25,0
DA:26,0
DA:27,0
DA:28,0
DA:29,0
DA:30,0
DA:31,0
DA:32,0
DA:33,0
DA:34,0
DA:35,0
DA:36,0
DA:37,0
DA:38,0
DA:39,0
DA:40,0
DA:41,0
DA:42,0
DA:43,0
DA:44,0
DA:45,0
DA:46,0
DA:47,0
DA:48,0
DA:49,0
DA:50,0
DA:51,0
DA:52,0
DA:53,0
DA:54,0
DA:55,0
DA:56,0
DA:57,0
DA:58,0
DA:59,0
DA:60,0
DA:61,1
DA:62,1
DA:63,4
DA:64,1
DA:65,1
DA:66,1
DA:67,1
DA:68,1
DA:69,1
DA:70,1
DA:71,1
DA:72,1
DA:73,1
DA:74,1
DA:75,1
DA:76,1
DA:77,1
DA:78,1
DA:79,1
DA:80,1
DA:81,1
DA:82,1
DA:83,1
DA:84,1
DA:85,1
DA:86,1
DA:87,1
DA:88,1
DA:89,1
LF:89
LH:45
BRDA:80,0,0,0
BRDA:84,1,0,0
BRDA:7,2,0,1
BRDA:8,3,0,4
BRDA:8,4,0,0
BRDA:61,5,0,1
BRDA:62,6,0,4
BRDA:72,7,0,1
BRDA:73,8,0,7
BRF:9
BRH:6
end_of_record
